[2020-12-09T11:01:13+08:00][sql] CONNECT:[ UseTime:0.007965s ] mysql:host=192.168.131.159;port=3306;dbname=lemocms;charset=utf8mb4
[2020-12-09T11:01:13+08:00][sql] SHOW FULL COLUMNS FROM `lm_auth_rule` [ RunTime:0.005639s ]
[2020-12-09T11:01:13+08:00][sql] SELECT `href`,`href` FROM `lm_auth_rule` [ RunTime:0.000772s ]
[2020-12-09T11:01:13+08:00][sql] CONNECT:[ UseTime:0.001560s ] mysql:host=192.168.131.159;port=3306;dbname=lemocms;charset=utf8mb4
[2020-12-09T11:01:13+08:00][sql] SHOW FULL COLUMNS FROM `lm_auth_rule` [ RunTime:0.002101s ]
[2020-12-09T11:01:13+08:00][sql] SELECT `href`,`href` FROM `lm_auth_rule` [ RunTime:0.000536s ]
[2020-12-09T11:01:13+08:00][sql] SHOW FULL COLUMNS FROM `lm_config` [ RunTime:0.001568s ]
[2020-12-09T11:01:13+08:00][sql] SELECT `value` FROM `lm_config` WHERE  `code` = 'site_name' LIMIT 1 [ RunTime:0.001306s ]
[2020-12-09T11:01:13+08:00][sql] CONNECT:[ UseTime:0.001328s ] mysql:host=192.168.131.159;port=3306;dbname=lemocms;charset=utf8mb4
[2020-12-09T11:01:13+08:00][sql] SHOW FULL COLUMNS FROM `lm_auth_rule` [ RunTime:0.002280s ]
[2020-12-09T11:01:13+08:00][sql] SELECT `href`,`href` FROM `lm_auth_rule` [ RunTime:0.000300s ]
[2020-12-09T11:01:21+08:00][sql] CONNECT:[ UseTime:0.000521s ] mysql:host=192.168.131.159;port=3306;dbname=lemocms;charset=utf8mb4
[2020-12-09T11:01:21+08:00][sql] SHOW FULL COLUMNS FROM `lm_admin_log` [ RunTime:0.001192s ]
[2020-12-09T11:01:21+08:00][sql] INSERT INTO `lm_admin_log` SET `log_title` = '[登录成功]' , `log_content` = '{\"username\":\"admin\",\"captcha\":\"29\",\"rememberMe\":\"true\"}' , `log_url` = '/admin/login/index.html' , `admin_id` = 0 , `username` = 'Unknown' , `log_agent` = 'Mozilla/5.0 (Macintosh; Intel Mac OS X 10_15_6) AppleWebKit/537.36 (KHTML, like Gecko) Chrome/87.0.4280.88 Safari/537.36' , `log_ip` = '192.168.131.1' , `create_time` = 1607482881 , `update_time` = 1607482881 [ RunTime:0.003621s ]
[2020-12-09T11:01:21+08:00][sql] SHOW FULL COLUMNS FROM `lm_admin` [ RunTime:0.002850s ]
[2020-12-09T11:01:21+08:00][sql] SELECT * FROM `lm_admin` WHERE  `username` = 'admin' LIMIT 1 [ RunTime:0.005325s ]
[2020-12-09T11:01:21+08:00][sql] SHOW FULL COLUMNS FROM `lm_auth_group` [ RunTime:0.000817s ]
[2020-12-09T11:01:21+08:00][sql] SELECT `rules` FROM `lm_auth_group` WHERE  `id` = 1 LIMIT 1 [ RunTime:0.000541s ]
[2020-12-09T11:01:25+08:00][sql] CONNECT:[ UseTime:0.000810s ] mysql:host=192.168.131.159;port=3306;dbname=lemocms;charset=utf8mb4
[2020-12-09T11:01:25+08:00][sql] SHOW FULL COLUMNS FROM `lm_auth_rule` [ RunTime:0.001221s ]
[2020-12-09T11:01:25+08:00][sql] SELECT `href`,`href` FROM `lm_auth_rule` [ RunTime:0.001886s ]
[2020-12-09T11:01:25+08:00][sql] CONNECT:[ UseTime:0.000525s ] mysql:host=192.168.131.159;port=3306;dbname=lemocms;charset=utf8mb4
[2020-12-09T11:01:25+08:00][sql] SHOW FULL COLUMNS FROM `lm_auth_rule` [ RunTime:0.003062s ]
[2020-12-09T11:01:25+08:00][sql] SELECT `href`,`href` FROM `lm_auth_rule` [ RunTime:0.000339s ]
[2020-12-09T11:01:25+08:00][sql] SELECT * FROM `lm_auth_rule` WHERE  `menu_status` = 1 ORDER BY `sort` ASC [ RunTime:0.001117s ]
[2020-12-09T11:01:25+08:00][sql] SELECT `id` FROM `lm_auth_rule` WHERE  `auth_open` = 1 [ RunTime:0.000543s ]
[2020-12-09T11:01:25+08:00][sql] SELECT `id` FROM `lm_auth_rule` WHERE  `auth_open` = 1 [ RunTime:0.000242s ]
[2020-12-09T11:01:25+08:00][sql] SELECT `id` FROM `lm_auth_rule` WHERE  `auth_open` = 1 [ RunTime:0.000213s ]
[2020-12-09T11:01:25+08:00][sql] SELECT `id` FROM `lm_auth_rule` WHERE  `auth_open` = 1 [ RunTime:0.000201s ]
[2020-12-09T11:01:25+08:00][sql] SELECT `id` FROM `lm_auth_rule` WHERE  `auth_open` = 1 [ RunTime:0.000241s ]
[2020-12-09T11:01:25+08:00][sql] SELECT `id` FROM `lm_auth_rule` WHERE  `auth_open` = 1 [ RunTime:0.000192s ]
[2020-12-09T11:01:25+08:00][sql] SELECT `id` FROM `lm_auth_rule` WHERE  `auth_open` = 1 [ RunTime:0.000280s ]
[2020-12-09T11:01:25+08:00][sql] SELECT `id` FROM `lm_auth_rule` WHERE  `auth_open` = 1 [ RunTime:0.000195s ]
[2020-12-09T11:01:25+08:00][sql] SELECT `id` FROM `lm_auth_rule` WHERE  `auth_open` = 1 [ RunTime:0.000189s ]
[2020-12-09T11:01:25+08:00][sql] SELECT `id` FROM `lm_auth_rule` WHERE  `auth_open` = 1 [ RunTime:0.000237s ]
[2020-12-09T11:01:25+08:00][sql] SELECT `id` FROM `lm_auth_rule` WHERE  `auth_open` = 1 [ RunTime:0.000325s ]
[2020-12-09T11:01:25+08:00][sql] SELECT `id` FROM `lm_auth_rule` WHERE  `auth_open` = 1 [ RunTime:0.000309s ]
[2020-12-09T11:01:25+08:00][sql] SELECT `id` FROM `lm_auth_rule` WHERE  `auth_open` = 1 [ RunTime:0.000275s ]
[2020-12-09T11:01:25+08:00][sql] SELECT `id` FROM `lm_auth_rule` WHERE  `auth_open` = 1 [ RunTime:0.000597s ]
[2020-12-09T11:01:25+08:00][sql] SELECT `id` FROM `lm_auth_rule` WHERE  `auth_open` = 1 [ RunTime:0.000433s ]
[2020-12-09T11:01:25+08:00][sql] SELECT `id` FROM `lm_auth_rule` WHERE  `auth_open` = 1 [ RunTime:0.000311s ]
[2020-12-09T11:01:25+08:00][sql] SELECT `id` FROM `lm_auth_rule` WHERE  `auth_open` = 1 [ RunTime:0.000177s ]
[2020-12-09T11:01:25+08:00][sql] SELECT `id` FROM `lm_auth_rule` WHERE  `auth_open` = 1 [ RunTime:0.000180s ]
[2020-12-09T11:01:25+08:00][sql] SELECT `id` FROM `lm_auth_rule` WHERE  `auth_open` = 1 [ RunTime:0.000269s ]
[2020-12-09T11:01:25+08:00][sql] SELECT `id` FROM `lm_auth_rule` WHERE  `auth_open` = 1 [ RunTime:0.000225s ]
[2020-12-09T11:01:25+08:00][sql] CONNECT:[ UseTime:0.000546s ] mysql:host=192.168.131.159;port=3306;dbname=lemocms;charset=utf8mb4
[2020-12-09T11:01:25+08:00][sql] SHOW FULL COLUMNS FROM `lm_auth_rule` [ RunTime:0.002746s ]
[2020-12-09T11:01:25+08:00][sql] SELECT `href`,`href` FROM `lm_auth_rule` [ RunTime:0.000311s ]
[2020-12-09T11:01:26+08:00][sql] CONNECT:[ UseTime:0.000540s ] mysql:host=192.168.131.159;port=3306;dbname=lemocms;charset=utf8mb4
[2020-12-09T11:01:26+08:00][sql] SHOW FULL COLUMNS FROM `lm_auth_rule` [ RunTime:0.001186s ]
[2020-12-09T11:01:26+08:00][sql] SELECT `href`,`href` FROM `lm_auth_rule` [ RunTime:0.000414s ]
[2020-12-09T11:01:28+08:00][sql] CONNECT:[ UseTime:0.000527s ] mysql:host=192.168.131.159;port=3306;dbname=lemocms;charset=utf8mb4
[2020-12-09T11:01:28+08:00][sql] SHOW FULL COLUMNS FROM `lm_auth_rule` [ RunTime:0.000984s ]
[2020-12-09T11:01:28+08:00][sql] SELECT `href`,`href` FROM `lm_auth_rule` [ RunTime:0.000269s ]
[2020-12-09T11:01:28+08:00][sql] SELECT * FROM `lm_auth_rule` WHERE  `href` = 'admin/sys.database/index' LIMIT 1 [ RunTime:0.000783s ]
[2020-12-09T11:01:28+08:00][sql] SHOW FULL COLUMNS FROM `lm_admin_log` [ RunTime:0.000507s ]
[2020-12-09T11:01:28+08:00][sql] INSERT INTO `lm_admin_log` SET `log_title` = '数据列表' , `log_content` = '点击菜单' , `log_url` = '/admin/sys.database/index.html' , `admin_id` = 1 , `username` = 'admin' , `log_agent` = 'Mozilla/5.0 (Macintosh; Intel Mac OS X 10_15_6) AppleWebKit/537.36 (KHTML, like Gecko) Chrome/87.0.4280.88 Safari/537.36' , `log_ip` = '192.168.131.1' , `create_time` = 1607482888 , `update_time` = 1607482888 [ RunTime:0.007472s ]
[2020-12-09T11:01:29+08:00][sql] CONNECT:[ UseTime:0.000554s ] mysql:host=192.168.131.159;port=3306;dbname=lemocms;charset=utf8mb4
[2020-12-09T11:01:29+08:00][sql] SHOW FULL COLUMNS FROM `lm_auth_rule` [ RunTime:0.002635s ]
[2020-12-09T11:01:29+08:00][sql] SELECT `href`,`href` FROM `lm_auth_rule` [ RunTime:0.000330s ]
[2020-12-09T11:01:29+08:00][sql] SHOW TABLE STATUS [ RunTime:0.012189s ]
[2020-12-09T11:01:29+08:00][sql] CONNECT:[ UseTime:0.000558s ] mysql:host=192.168.131.159;port=3306;dbname=lemocms;charset=utf8mb4
[2020-12-09T11:01:29+08:00][sql] SHOW FULL COLUMNS FROM `lm_auth_rule` [ RunTime:0.000889s ]
[2020-12-09T11:01:29+08:00][sql] SELECT `href`,`href` FROM `lm_auth_rule` [ RunTime:0.001734s ]
[2020-12-09T11:01:29+08:00][sql] SELECT * FROM `lm_auth_rule` WHERE  `href` = 'admin/sys.database/restore' LIMIT 1 [ RunTime:0.000843s ]
[2020-12-09T11:01:29+08:00][sql] SHOW FULL COLUMNS FROM `lm_admin_log` [ RunTime:0.001758s ]
[2020-12-09T11:01:29+08:00][sql] INSERT INTO `lm_admin_log` SET `log_title` = '备份列表' , `log_content` = '点击菜单' , `log_url` = '/admin/sys.database/restore.html' , `admin_id` = 1 , `username` = 'admin' , `log_agent` = 'Mozilla/5.0 (Macintosh; Intel Mac OS X 10_15_6) AppleWebKit/537.36 (KHTML, like Gecko) Chrome/87.0.4280.88 Safari/537.36' , `log_ip` = '192.168.131.1' , `create_time` = 1607482889 , `update_time` = 1607482889 [ RunTime:0.004038s ]
[2020-12-09T11:01:30+08:00][sql] CONNECT:[ UseTime:0.000519s ] mysql:host=192.168.131.159;port=3306;dbname=lemocms;charset=utf8mb4
[2020-12-09T11:01:30+08:00][sql] SHOW FULL COLUMNS FROM `lm_auth_rule` [ RunTime:0.003358s ]
[2020-12-09T11:01:30+08:00][sql] SELECT `href`,`href` FROM `lm_auth_rule` [ RunTime:0.001048s ]
[2020-12-09T11:01:33+08:00][sql] CONNECT:[ UseTime:0.000566s ] mysql:host=192.168.131.159;port=3306;dbname=lemocms;charset=utf8mb4
[2020-12-09T11:01:33+08:00][sql] SHOW FULL COLUMNS FROM `lm_auth_rule` [ RunTime:0.002747s ]
[2020-12-09T11:01:33+08:00][sql] SELECT `href`,`href` FROM `lm_auth_rule` [ RunTime:0.000354s ]
[2020-12-09T11:01:33+08:00][sql] SHOW FULL COLUMNS FROM `lm_config` [ RunTime:0.002048s ]
[2020-12-09T11:01:33+08:00][sql] SELECT `code`,`value` FROM `lm_config` WHERE  `type` IN ('site','email','upload','sms') [ RunTime:0.001050s ]
[2020-12-09T11:01:33+08:00][sql] CONNECT:[ UseTime:0.003595s ] mysql:host=192.168.131.159;port=3306;dbname=lemocms;charset=utf8mb4
[2020-12-09T11:01:33+08:00][sql] SHOW FULL COLUMNS FROM `lm_auth_rule` [ RunTime:0.001972s ]
[2020-12-09T11:01:33+08:00][sql] SELECT `href`,`href` FROM `lm_auth_rule` [ RunTime:0.000400s ]
[2020-12-09T11:01:50+08:00][sql] CONNECT:[ UseTime:0.004079s ] mysql:host=192.168.131.159;port=3306;dbname=lemocms;charset=utf8mb4
[2020-12-09T11:01:50+08:00][sql] SHOW FULL COLUMNS FROM `lm_auth_rule` [ RunTime:0.004424s ]
[2020-12-09T11:01:50+08:00][sql] SELECT `href`,`href` FROM `lm_auth_rule` [ RunTime:0.000380s ]
[2020-12-09T11:01:50+08:00][sql] SHOW FULL COLUMNS FROM `lm_config` [ RunTime:0.000788s ]
[2020-12-09T11:01:50+08:00][sql] UPDATE `lm_config`  SET `value` = 'cms'  WHERE  `code` = 'site_name' [ RunTime:0.019087s ]
[2020-12-09T11:01:50+08:00][sql] UPDATE `lm_config`  SET `value` = 'https://www.cms.com'  WHERE  `code` = 'site_domain' [ RunTime:0.006434s ]
[2020-12-09T11:01:50+08:00][sql] UPDATE `lm_config`  SET `value` = '858761000@qq.com'  WHERE  `code` = 'site_email' [ RunTime:0.001832s ]
[2020-12-09T11:01:50+08:00][sql] UPDATE `lm_config`  SET `value` = '/storage/uploads/logo.png'  WHERE  `code` = 'site_logo' [ RunTime:0.003780s ]
[2020-12-09T11:01:50+08:00][sql] UPDATE `lm_config`  SET `value` = ''  WHERE  `code` = 'file' [ RunTime:0.000246s ]
[2020-12-09T11:01:50+08:00][sql] UPDATE `lm_config`  SET `value` = '内容管理系统'  WHERE  `code` = 'site_seo_title' [ RunTime:0.003304s ]
[2020-12-09T11:01:50+08:00][sql] UPDATE `lm_config`  SET `value` = '官网,CMS社区,PHP内容管理系统,开源CMS,php cms,thinkphp'  WHERE  `code` = 'site_seo_keywords' [ RunTime:0.002870s ]
[2020-12-09T11:01:50+08:00][sql] UPDATE `lm_config`  SET `value` = 'CMS内容管理系统是一款高效建站的PHP内容管理系统，同时也是一款开源CMS系统。CMS官网主要发布一些官网最新动态，同时也为广大建站爱好者提供一个交流探讨的平台。 - Powered by CMS'  WHERE  `code` = 'site_seo_desc' [ RunTime:0.002843s ]
[2020-12-09T11:01:50+08:00][sql] UPDATE `lm_config`  SET `value` = '版权所有@2020'  WHERE  `code` = 'site_copyright' [ RunTime:0.001683s ]
[2020-12-09T11:01:53+08:00][sql] CONNECT:[ UseTime:0.000552s ] mysql:host=192.168.131.159;port=3306;dbname=lemocms;charset=utf8mb4
[2020-12-09T11:01:53+08:00][sql] SHOW FULL COLUMNS FROM `lm_auth_rule` [ RunTime:0.001173s ]
[2020-12-09T11:01:53+08:00][sql] SELECT `href`,`href` FROM `lm_auth_rule` [ RunTime:0.000245s ]
[2020-12-09T11:01:53+08:00][sql] SHOW FULL COLUMNS FROM `lm_config` [ RunTime:0.002342s ]
[2020-12-09T11:01:53+08:00][sql] SELECT `code`,`value` FROM `lm_config` WHERE  `type` IN ('site','email','upload','sms') [ RunTime:0.001005s ]
[2020-12-09T11:01:53+08:00][sql] CONNECT:[ UseTime:0.004179s ] mysql:host=192.168.131.159;port=3306;dbname=lemocms;charset=utf8mb4
[2020-12-09T11:01:53+08:00][sql] SHOW FULL COLUMNS FROM `lm_auth_rule` [ RunTime:0.001815s ]
[2020-12-09T11:01:53+08:00][sql] SELECT `href`,`href` FROM `lm_auth_rule` [ RunTime:0.000290s ]
[2020-12-09T11:01:54+08:00][sql] CONNECT:[ UseTime:0.000579s ] mysql:host=192.168.131.159;port=3306;dbname=lemocms;charset=utf8mb4
[2020-12-09T11:01:54+08:00][sql] SHOW FULL COLUMNS FROM `lm_auth_rule` [ RunTime:0.002897s ]
[2020-12-09T11:01:54+08:00][sql] SELECT `href`,`href` FROM `lm_auth_rule` [ RunTime:0.001216s ]
[2020-12-09T11:01:58+08:00][sql] CONNECT:[ UseTime:0.000898s ] mysql:host=192.168.131.159;port=3306;dbname=lemocms;charset=utf8mb4
[2020-12-09T11:01:58+08:00][sql] SHOW FULL COLUMNS FROM `lm_auth_rule` [ RunTime:0.003768s ]
[2020-12-09T11:01:58+08:00][sql] SELECT `href`,`href` FROM `lm_auth_rule` [ RunTime:0.000247s ]
[2020-12-09T11:01:58+08:00][sql] CONNECT:[ UseTime:0.000910s ] mysql:host=192.168.131.159;port=3306;dbname=lemocms;charset=utf8mb4
[2020-12-09T11:01:58+08:00][sql] SHOW FULL COLUMNS FROM `lm_auth_rule` [ RunTime:0.002281s ]
[2020-12-09T11:01:58+08:00][sql] SELECT `href`,`href` FROM `lm_auth_rule` [ RunTime:0.000243s ]
[2020-12-09T11:01:58+08:00][sql] SELECT * FROM `lm_auth_rule` WHERE  `menu_status` = 1 ORDER BY `sort` ASC [ RunTime:0.001563s ]
[2020-12-09T11:01:58+08:00][sql] SELECT `id` FROM `lm_auth_rule` WHERE  `auth_open` = 1 [ RunTime:0.000535s ]
[2020-12-09T11:01:58+08:00][sql] SELECT `id` FROM `lm_auth_rule` WHERE  `auth_open` = 1 [ RunTime:0.000227s ]
[2020-12-09T11:01:58+08:00][sql] SELECT `id` FROM `lm_auth_rule` WHERE  `auth_open` = 1 [ RunTime:0.000425s ]
[2020-12-09T11:01:58+08:00][sql] SELECT `id` FROM `lm_auth_rule` WHERE  `auth_open` = 1 [ RunTime:0.000228s ]
[2020-12-09T11:01:58+08:00][sql] SELECT `id` FROM `lm_auth_rule` WHERE  `auth_open` = 1 [ RunTime:0.000177s ]
[2020-12-09T11:01:58+08:00][sql] SELECT `id` FROM `lm_auth_rule` WHERE  `auth_open` = 1 [ RunTime:0.000216s ]
[2020-12-09T11:01:58+08:00][sql] SELECT `id` FROM `lm_auth_rule` WHERE  `auth_open` = 1 [ RunTime:0.000418s ]
[2020-12-09T11:01:58+08:00][sql] SELECT `id` FROM `lm_auth_rule` WHERE  `auth_open` = 1 [ RunTime:0.000524s ]
[2020-12-09T11:01:58+08:00][sql] SELECT `id` FROM `lm_auth_rule` WHERE  `auth_open` = 1 [ RunTime:0.000262s ]
[2020-12-09T11:01:58+08:00][sql] SELECT `id` FROM `lm_auth_rule` WHERE  `auth_open` = 1 [ RunTime:0.000229s ]
[2020-12-09T11:01:58+08:00][sql] SELECT `id` FROM `lm_auth_rule` WHERE  `auth_open` = 1 [ RunTime:0.000298s ]
[2020-12-09T11:01:58+08:00][sql] SELECT `id` FROM `lm_auth_rule` WHERE  `auth_open` = 1 [ RunTime:0.000305s ]
[2020-12-09T11:01:58+08:00][sql] SELECT `id` FROM `lm_auth_rule` WHERE  `auth_open` = 1 [ RunTime:0.000185s ]
[2020-12-09T11:01:58+08:00][sql] SELECT `id` FROM `lm_auth_rule` WHERE  `auth_open` = 1 [ RunTime:0.000233s ]
[2020-12-09T11:01:58+08:00][sql] SELECT `id` FROM `lm_auth_rule` WHERE  `auth_open` = 1 [ RunTime:0.000308s ]
[2020-12-09T11:01:58+08:00][sql] SELECT `id` FROM `lm_auth_rule` WHERE  `auth_open` = 1 [ RunTime:0.001139s ]
[2020-12-09T11:01:58+08:00][sql] SELECT `id` FROM `lm_auth_rule` WHERE  `auth_open` = 1 [ RunTime:0.000469s ]
[2020-12-09T11:01:58+08:00][sql] SELECT `id` FROM `lm_auth_rule` WHERE  `auth_open` = 1 [ RunTime:0.000332s ]
[2020-12-09T11:01:58+08:00][sql] SELECT `id` FROM `lm_auth_rule` WHERE  `auth_open` = 1 [ RunTime:0.000191s ]
[2020-12-09T11:01:58+08:00][sql] SELECT `id` FROM `lm_auth_rule` WHERE  `auth_open` = 1 [ RunTime:0.000181s ]
[2020-12-09T11:01:58+08:00][sql] CONNECT:[ UseTime:0.000412s ] mysql:host=192.168.131.159;port=3306;dbname=lemocms;charset=utf8mb4
[2020-12-09T11:01:58+08:00][sql] SHOW FULL COLUMNS FROM `lm_auth_rule` [ RunTime:0.000978s ]
[2020-12-09T11:01:58+08:00][sql] SELECT `href`,`href` FROM `lm_auth_rule` [ RunTime:0.001461s ]
[2020-12-09T11:01:58+08:00][sql] CONNECT:[ UseTime:0.000412s ] mysql:host=192.168.131.159;port=3306;dbname=lemocms;charset=utf8mb4
[2020-12-09T11:01:58+08:00][sql] SHOW FULL COLUMNS FROM `lm_auth_rule` [ RunTime:0.001861s ]
[2020-12-09T11:01:58+08:00][sql] SELECT `href`,`href` FROM `lm_auth_rule` [ RunTime:0.000304s ]
[2020-12-09T11:01:58+08:00][sql] SHOW FULL COLUMNS FROM `lm_config` [ RunTime:0.000678s ]
[2020-12-09T11:01:58+08:00][sql] SELECT `code`,`value` FROM `lm_config` WHERE  `type` IN ('site','email','upload','sms') [ RunTime:0.000291s ]
[2020-12-09T11:01:59+08:00][sql] CONNECT:[ UseTime:0.000416s ] mysql:host=192.168.131.159;port=3306;dbname=lemocms;charset=utf8mb4
[2020-12-09T11:01:59+08:00][sql] SHOW FULL COLUMNS FROM `lm_auth_rule` [ RunTime:0.003124s ]
[2020-12-09T11:01:59+08:00][sql] SELECT `href`,`href` FROM `lm_auth_rule` [ RunTime:0.000809s ]
[2020-12-09T11:01:59+08:00][sql] CONNECT:[ UseTime:0.000390s ] mysql:host=192.168.131.159;port=3306;dbname=lemocms;charset=utf8mb4
[2020-12-09T11:01:59+08:00][sql] SHOW FULL COLUMNS FROM `lm_auth_rule` [ RunTime:0.001195s ]
[2020-12-09T11:01:59+08:00][sql] SELECT `href`,`href` FROM `lm_auth_rule` [ RunTime:0.000449s ]
[2020-12-09T11:02:04+08:00][sql] CONNECT:[ UseTime:0.001891s ] mysql:host=192.168.131.159;port=3306;dbname=lemocms;charset=utf8mb4
[2020-12-09T11:02:04+08:00][sql] SHOW FULL COLUMNS FROM `lm_auth_rule` [ RunTime:0.002761s ]
[2020-12-09T11:02:04+08:00][sql] SELECT `href`,`href` FROM `lm_auth_rule` [ RunTime:0.000226s ]
[2020-12-09T11:02:04+08:00][sql] SHOW FULL COLUMNS FROM `lm_config` [ RunTime:0.000896s ]
[2020-12-09T11:02:04+08:00][sql] UPDATE `lm_config`  SET `value` = 'cms'  WHERE  `code` = 'site_name' [ RunTime:0.004092s ]
[2020-12-09T11:02:04+08:00][sql] UPDATE `lm_config`  SET `value` = 'https://www.cms.com'  WHERE  `code` = 'site_domain' [ RunTime:0.002291s ]
[2020-12-09T11:02:04+08:00][sql] UPDATE `lm_config`  SET `value` = '858761000@qq.com'  WHERE  `code` = 'site_email' [ RunTime:0.001998s ]
[2020-12-09T11:02:04+08:00][sql] UPDATE `lm_config`  SET `value` = '/storage/uploads/logo.png'  WHERE  `code` = 'site_logo' [ RunTime:0.000570s ]
[2020-12-09T11:02:04+08:00][sql] UPDATE `lm_config`  SET `value` = ''  WHERE  `code` = 'file' [ RunTime:0.000239s ]
[2020-12-09T11:02:04+08:00][sql] UPDATE `lm_config`  SET `value` = '内容管理系统'  WHERE  `code` = 'site_seo_title' [ RunTime:0.002103s ]
[2020-12-09T11:02:04+08:00][sql] UPDATE `lm_config`  SET `value` = '官网,CMS社区,PHP内容管理系统,开源CMS,php cms,thinkphp'  WHERE  `code` = 'site_seo_keywords' [ RunTime:0.001805s ]
[2020-12-09T11:02:04+08:00][sql] UPDATE `lm_config`  SET `value` = 'CMS内容管理系统是一款高效建站的PHP内容管理系统，同时也是一款开源CMS系统。CMS官网主要发布一些官网最新动态，同时也为广大建站爱好者提供一个交流探讨的平台。 - Powered by CMS'  WHERE  `code` = 'site_seo_desc' [ RunTime:0.001306s ]
[2020-12-09T11:02:04+08:00][sql] UPDATE `lm_config`  SET `value` = '版权所有@2020'  WHERE  `code` = 'site_copyright' [ RunTime:0.001479s ]
[2020-12-09T11:02:06+08:00][sql] CONNECT:[ UseTime:0.000616s ] mysql:host=192.168.131.159;port=3306;dbname=lemocms;charset=utf8mb4
[2020-12-09T11:02:06+08:00][sql] SHOW FULL COLUMNS FROM `lm_auth_rule` [ RunTime:0.002940s ]
[2020-12-09T11:02:06+08:00][sql] SELECT `href`,`href` FROM `lm_auth_rule` [ RunTime:0.000231s ]
[2020-12-09T11:02:06+08:00][sql] SHOW FULL COLUMNS FROM `lm_config` [ RunTime:0.002310s ]
[2020-12-09T11:02:06+08:00][sql] SELECT `code`,`value` FROM `lm_config` WHERE  `type` IN ('site','email','upload','sms') [ RunTime:0.000392s ]
[2020-12-09T11:02:06+08:00][sql] CONNECT:[ UseTime:0.000571s ] mysql:host=192.168.131.159;port=3306;dbname=lemocms;charset=utf8mb4
[2020-12-09T11:02:06+08:00][sql] SHOW FULL COLUMNS FROM `lm_auth_rule` [ RunTime:0.000915s ]
[2020-12-09T11:02:06+08:00][sql] SELECT `href`,`href` FROM `lm_auth_rule` [ RunTime:0.000256s ]
[2020-12-09T11:03:31+08:00][sql] CONNECT:[ UseTime:0.002122s ] mysql:host=192.168.131.159;port=3306;dbname=lemocms;charset=utf8mb4
[2020-12-09T11:03:31+08:00][sql] SHOW FULL COLUMNS FROM `lm_auth_rule` [ RunTime:0.002192s ]
[2020-12-09T11:03:31+08:00][sql] SELECT `href`,`href` FROM `lm_auth_rule` [ RunTime:0.000340s ]
[2020-12-09T11:03:31+08:00][sql] SHOW FULL COLUMNS FROM `lm_config` [ RunTime:0.002027s ]
[2020-12-09T11:03:31+08:00][sql] UPDATE `lm_config`  SET `value` = 'cms'  WHERE  `code` = 'site_name' [ RunTime:0.006320s ]
[2020-12-09T11:03:31+08:00][sql] UPDATE `lm_config`  SET `value` = 'https://www.cms.com'  WHERE  `code` = 'site_domain' [ RunTime:0.003821s ]
[2020-12-09T11:03:31+08:00][sql] UPDATE `lm_config`  SET `value` = '858761000@qq.com'  WHERE  `code` = 'site_email' [ RunTime:0.004804s ]
[2020-12-09T11:03:31+08:00][sql] UPDATE `lm_config`  SET `value` = '/storage/uploads/logo.png'  WHERE  `code` = 'site_logo' [ RunTime:0.005604s ]
[2020-12-09T11:03:31+08:00][sql] UPDATE `lm_config`  SET `value` = ''  WHERE  `code` = 'file' [ RunTime:0.000313s ]
[2020-12-09T11:03:31+08:00][sql] UPDATE `lm_config`  SET `value` = '内容管理系统'  WHERE  `code` = 'site_seo_title' [ RunTime:0.005708s ]
[2020-12-09T11:03:31+08:00][sql] UPDATE `lm_config`  SET `value` = '官网,CMS社区,PHP内容管理系统,开源CMS,php cms,thinkphp'  WHERE  `code` = 'site_seo_keywords' [ RunTime:0.009302s ]
[2020-12-09T11:03:31+08:00][sql] UPDATE `lm_config`  SET `value` = 'CMS内容管理系统是一款高效建站的PHP内容管理系统，同时也是一款开源CMS系统。CMS官网主要发布一些官网最新动态，同时也为广大建站爱好者提供一个交流探讨的平台。 - Powered by CMS'  WHERE  `code` = 'site_seo_desc' [ RunTime:0.001950s ]
[2020-12-09T11:03:31+08:00][sql] UPDATE `lm_config`  SET `value` = '版权所有@2020'  WHERE  `code` = 'site_copyright' [ RunTime:0.001561s ]
[2020-12-09T11:03:33+08:00][sql] CONNECT:[ UseTime:0.000672s ] mysql:host=192.168.131.159;port=3306;dbname=lemocms;charset=utf8mb4
[2020-12-09T11:03:33+08:00][sql] SHOW FULL COLUMNS FROM `lm_auth_rule` [ RunTime:0.004313s ]
[2020-12-09T11:03:33+08:00][sql] SELECT `href`,`href` FROM `lm_auth_rule` [ RunTime:0.000324s ]
[2020-12-09T11:03:33+08:00][sql] SHOW FULL COLUMNS FROM `lm_config` [ RunTime:0.000932s ]
[2020-12-09T11:03:33+08:00][sql] SELECT `code`,`value` FROM `lm_config` WHERE  `type` IN ('site','email','upload','sms') [ RunTime:0.000267s ]
[2020-12-09T11:03:34+08:00][sql] CONNECT:[ UseTime:0.000653s ] mysql:host=192.168.131.159;port=3306;dbname=lemocms;charset=utf8mb4
[2020-12-09T11:03:34+08:00][sql] SHOW FULL COLUMNS FROM `lm_auth_rule` [ RunTime:0.002230s ]
[2020-12-09T11:03:34+08:00][sql] SELECT `href`,`href` FROM `lm_auth_rule` [ RunTime:0.000251s ]
[2020-12-09T11:03:42+08:00][sql] CONNECT:[ UseTime:0.002805s ] mysql:host=192.168.131.159;port=3306;dbname=lemocms;charset=utf8mb4
[2020-12-09T11:03:42+08:00][sql] SHOW FULL COLUMNS FROM `lm_auth_rule` [ RunTime:0.003370s ]
[2020-12-09T11:03:42+08:00][sql] SELECT `href`,`href` FROM `lm_auth_rule` [ RunTime:0.000978s ]
[2020-12-09T11:03:42+08:00][sql] SHOW FULL COLUMNS FROM `lm_config` [ RunTime:0.000691s ]
[2020-12-09T11:03:42+08:00][sql] UPDATE `lm_config`  SET `value` = 'cms'  WHERE  `code` = 'site_name' [ RunTime:0.002331s ]
[2020-12-09T11:03:42+08:00][sql] UPDATE `lm_config`  SET `value` = 'https://www.cms.com'  WHERE  `code` = 'site_domain' [ RunTime:0.000594s ]
[2020-12-09T11:03:42+08:00][sql] UPDATE `lm_config`  SET `value` = '858761000@qq.com'  WHERE  `code` = 'site_email' [ RunTime:0.002684s ]
[2020-12-09T11:03:42+08:00][sql] UPDATE `lm_config`  SET `value` = '/storage/uploads/logo.png'  WHERE  `code` = 'site_logo' [ RunTime:0.001166s ]
[2020-12-09T11:03:42+08:00][sql] UPDATE `lm_config`  SET `value` = ''  WHERE  `code` = 'file' [ RunTime:0.000215s ]
[2020-12-09T11:03:42+08:00][sql] UPDATE `lm_config`  SET `value` = '内容管理系统'  WHERE  `code` = 'site_seo_title' [ RunTime:0.000307s ]
[2020-12-09T11:03:42+08:00][sql] UPDATE `lm_config`  SET `value` = '官网,CMS社区,PHP内容管理系统,开源CMS,php cms,thinkphp'  WHERE  `code` = 'site_seo_keywords' [ RunTime:0.002135s ]
[2020-12-09T11:03:42+08:00][sql] UPDATE `lm_config`  SET `value` = 'CMS内容管理系统是一款高效建站的PHP内容管理系统，同时也是一款开源CMS系统。CMS官网主要发布一些官网最新动态，同时也为广大建站爱好者提供一个交流探讨的平台。 - Powered by CMS'  WHERE  `code` = 'site_seo_desc' [ RunTime:0.002172s ]
[2020-12-09T11:03:42+08:00][sql] UPDATE `lm_config`  SET `value` = '版权所有@2020'  WHERE  `code` = 'site_copyright' [ RunTime:0.001949s ]
[2020-12-09T11:03:44+08:00][sql] CONNECT:[ UseTime:0.000561s ] mysql:host=192.168.131.159;port=3306;dbname=lemocms;charset=utf8mb4
[2020-12-09T11:03:44+08:00][sql] SHOW FULL COLUMNS FROM `lm_auth_rule` [ RunTime:0.002383s ]
[2020-12-09T11:03:44+08:00][sql] SELECT `href`,`href` FROM `lm_auth_rule` [ RunTime:0.001072s ]
[2020-12-09T11:03:44+08:00][sql] SHOW FULL COLUMNS FROM `lm_config` [ RunTime:0.000954s ]
[2020-12-09T11:03:44+08:00][sql] SELECT `code`,`value` FROM `lm_config` WHERE  `type` IN ('site','email','upload','sms') [ RunTime:0.001526s ]
[2020-12-09T11:03:44+08:00][sql] CONNECT:[ UseTime:0.000549s ] mysql:host=192.168.131.159;port=3306;dbname=lemocms;charset=utf8mb4
[2020-12-09T11:03:44+08:00][sql] SHOW FULL COLUMNS FROM `lm_auth_rule` [ RunTime:0.002089s ]
[2020-12-09T11:03:44+08:00][sql] SELECT `href`,`href` FROM `lm_auth_rule` [ RunTime:0.000231s ]
[2020-12-09T11:04:32+08:00][sql] CONNECT:[ UseTime:0.001053s ] mysql:host=192.168.131.159;port=3306;dbname=lemocms;charset=utf8mb4
[2020-12-09T11:04:32+08:00][sql] SHOW FULL COLUMNS FROM `lm_auth_rule` [ RunTime:0.002550s ]
[2020-12-09T11:04:32+08:00][sql] SELECT `href`,`href` FROM `lm_auth_rule` [ RunTime:0.000311s ]
[2020-12-09T11:04:32+08:00][sql] SHOW FULL COLUMNS FROM `lm_config` [ RunTime:0.000912s ]
[2020-12-09T11:04:32+08:00][sql] UPDATE `lm_config`  SET `value` = 'cms'  WHERE  `code` = 'site_name' [ RunTime:0.002874s ]
[2020-12-09T11:04:32+08:00][sql] UPDATE `lm_config`  SET `value` = 'https://www.cms.com'  WHERE  `code` = 'site_domain' [ RunTime:0.004704s ]
[2020-12-09T11:04:32+08:00][sql] UPDATE `lm_config`  SET `value` = '858761000@qq.com'  WHERE  `code` = 'site_email' [ RunTime:0.005272s ]
[2020-12-09T11:04:32+08:00][sql] UPDATE `lm_config`  SET `value` = '/storage/uploads/logo.png'  WHERE  `code` = 'site_logo' [ RunTime:0.003299s ]
[2020-12-09T11:04:32+08:00][sql] UPDATE `lm_config`  SET `value` = ''  WHERE  `code` = 'file' [ RunTime:0.000278s ]
[2020-12-09T11:04:32+08:00][sql] UPDATE `lm_config`  SET `value` = '内容管理系统'  WHERE  `code` = 'site_seo_title' [ RunTime:0.003518s ]
[2020-12-09T11:04:32+08:00][sql] UPDATE `lm_config`  SET `value` = '官网,CMS社区,PHP内容管理系统,开源CMS,php cms,thinkphp'  WHERE  `code` = 'site_seo_keywords' [ RunTime:0.004276s ]
[2020-12-09T11:04:32+08:00][sql] UPDATE `lm_config`  SET `value` = 'CMS内容管理系统是一款高效建站的PHP内容管理系统，同时也是一款开源CMS系统。CMS官网主要发布一些官网最新动态，同时也为广大建站爱好者提供一个交流探讨的平台。 - Powered by CMS'  WHERE  `code` = 'site_seo_desc' [ RunTime:0.012918s ]
[2020-12-09T11:04:32+08:00][sql] UPDATE `lm_config`  SET `value` = '版权所有@2020'  WHERE  `code` = 'site_copyright' [ RunTime:0.002979s ]
[2020-12-09T11:04:34+08:00][sql] CONNECT:[ UseTime:0.000523s ] mysql:host=192.168.131.159;port=3306;dbname=lemocms;charset=utf8mb4
[2020-12-09T11:04:34+08:00][sql] SHOW FULL COLUMNS FROM `lm_auth_rule` [ RunTime:0.005922s ]
[2020-12-09T11:04:34+08:00][sql] SELECT `href`,`href` FROM `lm_auth_rule` [ RunTime:0.000323s ]
[2020-12-09T11:04:34+08:00][sql] SHOW FULL COLUMNS FROM `lm_config` [ RunTime:0.004533s ]
[2020-12-09T11:04:34+08:00][sql] SELECT `code`,`value` FROM `lm_config` WHERE  `type` IN ('site','email','upload','sms') [ RunTime:0.000378s ]
[2020-12-09T11:04:34+08:00][sql] CONNECT:[ UseTime:0.000662s ] mysql:host=192.168.131.159;port=3306;dbname=lemocms;charset=utf8mb4
[2020-12-09T11:04:34+08:00][sql] SHOW FULL COLUMNS FROM `lm_auth_rule` [ RunTime:0.002197s ]
[2020-12-09T11:04:34+08:00][sql] SELECT `href`,`href` FROM `lm_auth_rule` [ RunTime:0.001370s ]
[2020-12-09T11:08:55+08:00][sql] CONNECT:[ UseTime:0.001988s ] mysql:host=192.168.131.159;port=3306;dbname=lemocms;charset=utf8mb4
[2020-12-09T11:08:55+08:00][sql] SHOW FULL COLUMNS FROM `lm_auth_rule` [ RunTime:0.003700s ]
[2020-12-09T11:08:55+08:00][sql] SELECT `href`,`href` FROM `lm_auth_rule` [ RunTime:0.000516s ]
[2020-12-09T11:08:55+08:00][sql] SELECT * FROM `lm_auth_rule` WHERE  `href` = 'admin/sys.database/index' LIMIT 1 [ RunTime:0.001404s ]
[2020-12-09T11:08:55+08:00][sql] SHOW FULL COLUMNS FROM `lm_admin_log` [ RunTime:0.000462s ]
[2020-12-09T11:08:55+08:00][sql] INSERT INTO `lm_admin_log` SET `log_title` = '数据列表' , `log_content` = '点击菜单' , `log_url` = '/admin/sys.database/index.html' , `admin_id` = 1 , `username` = 'admin' , `log_agent` = 'Mozilla/5.0 (Macintosh; Intel Mac OS X 10_15_6) AppleWebKit/537.36 (KHTML, like Gecko) Chrome/87.0.4280.88 Safari/537.36' , `log_ip` = '192.168.131.1' , `create_time` = 1607483335 , `update_time` = 1607483335 [ RunTime:0.002102s ]
[2020-12-09T11:08:55+08:00][sql] CONNECT:[ UseTime:0.000714s ] mysql:host=192.168.131.159;port=3306;dbname=lemocms;charset=utf8mb4
[2020-12-09T11:08:55+08:00][sql] SHOW FULL COLUMNS FROM `lm_auth_rule` [ RunTime:0.004497s ]
[2020-12-09T11:08:55+08:00][sql] SELECT `href`,`href` FROM `lm_auth_rule` [ RunTime:0.000254s ]
[2020-12-09T11:08:55+08:00][sql] SHOW TABLE STATUS [ RunTime:0.004445s ]
[2020-12-09T11:09:05+08:00][sql] CONNECT:[ UseTime:0.000514s ] mysql:host=192.168.131.159;port=3306;dbname=lemocms;charset=utf8mb4
[2020-12-09T11:09:05+08:00][sql] SHOW FULL COLUMNS FROM `lm_auth_rule` [ RunTime:0.002283s ]
[2020-12-09T11:09:05+08:00][sql] SELECT `href`,`href` FROM `lm_auth_rule` [ RunTime:0.000287s ]
[2020-12-09T11:09:05+08:00][sql] SELECT * FROM `lm_auth_rule` WHERE  `href` = 'admin/sys.database/backup' LIMIT 1 [ RunTime:0.000675s ]
[2020-12-09T11:09:05+08:00][sql] SHOW FULL COLUMNS FROM `lm_admin_log` [ RunTime:0.001930s ]
[2020-12-09T11:09:05+08:00][sql] INSERT INTO `lm_admin_log` SET `log_title` = '数据备份' , `log_content` = '{\"tables\":[\"lm_addon\",\"lm_admin\",\"lm_admin_log\",\"lm_attach\",\"lm_auth_group\",\"lm_auth_rule\",\"lm_config\",\"lm_config_group\",\"lm_field_type\",\"lm_oauth2_client\",\"lm_region\",\"lm_user\",\"lm_user_level\"]}' , `log_url` = '/admin/sys.database/backup.html' , `admin_id` = 1 , `username` = 'admin' , `log_agent` = 'Mozilla/5.0 (Macintosh; Intel Mac OS X 10_15_6) AppleWebKit/537.36 (KHTML, like Gecko) Chrome/87.0.4280.88 Safari/537.36' , `log_ip` = '192.168.131.1' , `create_time` = 1607483338 , `update_time` = 1607483338 [ RunTime:0.001447s ]
[2020-12-09T11:09:05+08:00][sql] SHOW CREATE TABLE `lm_addon` [ RunTime:0.005357s ]
[2020-12-09T11:09:05+08:00][sql] SELECT COUNT(*) AS count FROM `lm_addon` [ RunTime:0.003129s ]
[2020-12-09T11:09:05+08:00][sql] SELECT * FROM `lm_addon` LIMIT 0, 1000 [ RunTime:0.001216s ]
[2020-12-09T11:09:05+08:00][sql] SHOW CREATE TABLE `lm_admin` [ RunTime:0.001874s ]
[2020-12-09T11:09:05+08:00][sql] SELECT COUNT(*) AS count FROM `lm_admin` [ RunTime:0.000204s ]
[2020-12-09T11:09:05+08:00][sql] SELECT * FROM `lm_admin` LIMIT 0, 1000 [ RunTime:0.000888s ]
[2020-12-09T11:09:05+08:00][sql] SHOW CREATE TABLE `lm_admin_log` [ RunTime:0.000176s ]
[2020-12-09T11:09:05+08:00][sql] SELECT COUNT(*) AS count FROM `lm_admin_log` [ RunTime:0.000847s ]
[2020-12-09T11:09:05+08:00][sql] SELECT * FROM `lm_admin_log` LIMIT 0, 1000 [ RunTime:0.004677s ]
[2020-12-09T11:09:05+08:00][sql] SHOW CREATE TABLE `lm_attach` [ RunTime:0.001678s ]
[2020-12-09T11:09:05+08:00][sql] SELECT COUNT(*) AS count FROM `lm_attach` [ RunTime:0.001707s ]
[2020-12-09T11:09:05+08:00][sql] SELECT * FROM `lm_attach` LIMIT 0, 1000 [ RunTime:0.000238s ]
[2020-12-09T11:09:05+08:00][sql] SHOW CREATE TABLE `lm_auth_group` [ RunTime:0.000938s ]
[2020-12-09T11:09:05+08:00][sql] SELECT COUNT(*) AS count FROM `lm_auth_group` [ RunTime:0.002602s ]
[2020-12-09T11:09:05+08:00][sql] SELECT * FROM `lm_auth_group` LIMIT 0, 1000 [ RunTime:0.000270s ]
[2020-12-09T11:09:05+08:00][sql] SHOW CREATE TABLE `lm_auth_rule` [ RunTime:0.000154s ]
[2020-12-09T11:09:05+08:00][sql] SELECT COUNT(*) AS count FROM `lm_auth_rule` [ RunTime:0.001032s ]
[2020-12-09T11:09:05+08:00][sql] SELECT * FROM `lm_auth_rule` LIMIT 0, 1000 [ RunTime:0.000278s ]
[2020-12-09T11:09:05+08:00][sql] SHOW CREATE TABLE `lm_config` [ RunTime:0.001373s ]
[2020-12-09T11:09:05+08:00][sql] SELECT COUNT(*) AS count FROM `lm_config` [ RunTime:0.001925s ]
[2020-12-09T11:09:05+08:00][sql] SELECT * FROM `lm_config` LIMIT 0, 1000 [ RunTime:0.000344s ]
[2020-12-09T11:09:05+08:00][sql] SHOW CREATE TABLE `lm_config_group` [ RunTime:0.000247s ]
[2020-12-09T11:09:05+08:00][sql] SELECT COUNT(*) AS count FROM `lm_config_group` [ RunTime:0.012700s ]
[2020-12-09T11:09:05+08:00][sql] SELECT * FROM `lm_config_group` LIMIT 0, 1000 [ RunTime:0.000259s ]
[2020-12-09T11:09:05+08:00][sql] SHOW CREATE TABLE `lm_field_type` [ RunTime:0.000227s ]
[2020-12-09T11:09:05+08:00][sql] SELECT COUNT(*) AS count FROM `lm_field_type` [ RunTime:0.000485s ]
[2020-12-09T11:09:05+08:00][sql] SELECT * FROM `lm_field_type` LIMIT 0, 1000 [ RunTime:0.003748s ]
[2020-12-09T11:09:05+08:00][sql] SHOW CREATE TABLE `lm_oauth2_client` [ RunTime:0.001142s ]
[2020-12-09T11:09:05+08:00][sql] SELECT COUNT(*) AS count FROM `lm_oauth2_client` [ RunTime:0.001810s ]
[2020-12-09T11:09:05+08:00][sql] SELECT * FROM `lm_oauth2_client` LIMIT 0, 1000 [ RunTime:0.000199s ]
[2020-12-09T11:09:05+08:00][sql] SHOW CREATE TABLE `lm_region` [ RunTime:0.000141s ]
[2020-12-09T11:09:05+08:00][sql] SELECT COUNT(*) AS count FROM `lm_region` [ RunTime:0.110422s ]
[2020-12-09T11:09:05+08:00][sql] SELECT * FROM `lm_region` LIMIT 0, 1000 [ RunTime:0.001605s ]
[2020-12-09T11:09:05+08:00][sql] SELECT COUNT(*) AS count FROM `lm_region` [ RunTime:0.008132s ]
[2020-12-09T11:09:05+08:00][sql] SELECT * FROM `lm_region` LIMIT 1000, 1000 [ RunTime:0.004198s ]
[2020-12-09T11:09:05+08:00][sql] SELECT COUNT(*) AS count FROM `lm_region` [ RunTime:0.006849s ]
[2020-12-09T11:09:05+08:00][sql] SELECT * FROM `lm_region` LIMIT 2000, 1000 [ RunTime:0.005640s ]
[2020-12-09T11:09:05+08:00][sql] SELECT COUNT(*) AS count FROM `lm_region` [ RunTime:0.006757s ]
[2020-12-09T11:09:05+08:00][sql] SELECT * FROM `lm_region` LIMIT 3000, 1000 [ RunTime:0.001322s ]
[2020-12-09T11:09:05+08:00][sql] SELECT COUNT(*) AS count FROM `lm_region` [ RunTime:0.007037s ]
[2020-12-09T11:09:05+08:00][sql] SELECT * FROM `lm_region` LIMIT 4000, 1000 [ RunTime:0.003220s ]
[2020-12-09T11:09:05+08:00][sql] SELECT COUNT(*) AS count FROM `lm_region` [ RunTime:0.007293s ]
[2020-12-09T11:09:05+08:00][sql] SELECT * FROM `lm_region` LIMIT 5000, 1000 [ RunTime:0.003204s ]
[2020-12-09T11:09:05+08:00][sql] SELECT COUNT(*) AS count FROM `lm_region` [ RunTime:0.007425s ]
[2020-12-09T11:09:05+08:00][sql] SELECT * FROM `lm_region` LIMIT 6000, 1000 [ RunTime:0.004273s ]
[2020-12-09T11:09:05+08:00][sql] SELECT COUNT(*) AS count FROM `lm_region` [ RunTime:0.006825s ]
[2020-12-09T11:09:05+08:00][sql] SELECT * FROM `lm_region` LIMIT 7000, 1000 [ RunTime:0.002114s ]
[2020-12-09T11:09:05+08:00][sql] SELECT COUNT(*) AS count FROM `lm_region` [ RunTime:0.007345s ]
[2020-12-09T11:09:05+08:00][sql] SELECT * FROM `lm_region` LIMIT 8000, 1000 [ RunTime:0.002375s ]
[2020-12-09T11:09:05+08:00][sql] SELECT COUNT(*) AS count FROM `lm_region` [ RunTime:0.007126s ]
[2020-12-09T11:09:05+08:00][sql] SELECT * FROM `lm_region` LIMIT 9000, 1000 [ RunTime:0.003243s ]
[2020-12-09T11:09:05+08:00][sql] SELECT COUNT(*) AS count FROM `lm_region` [ RunTime:0.006628s ]
[2020-12-09T11:09:05+08:00][sql] SELECT * FROM `lm_region` LIMIT 10000, 1000 [ RunTime:0.003320s ]
[2020-12-09T11:09:05+08:00][sql] SELECT COUNT(*) AS count FROM `lm_region` [ RunTime:0.008174s ]
[2020-12-09T11:09:05+08:00][sql] SELECT * FROM `lm_region` LIMIT 11000, 1000 [ RunTime:0.003188s ]
[2020-12-09T11:09:05+08:00][sql] SELECT COUNT(*) AS count FROM `lm_region` [ RunTime:0.006725s ]
[2020-12-09T11:09:05+08:00][sql] SELECT * FROM `lm_region` LIMIT 12000, 1000 [ RunTime:0.015130s ]
[2020-12-09T11:09:05+08:00][sql] SELECT COUNT(*) AS count FROM `lm_region` [ RunTime:0.006582s ]
[2020-12-09T11:09:05+08:00][sql] SELECT * FROM `lm_region` LIMIT 13000, 1000 [ RunTime:0.003373s ]
[2020-12-09T11:09:05+08:00][sql] SELECT COUNT(*) AS count FROM `lm_region` [ RunTime:0.006641s ]
[2020-12-09T11:09:05+08:00][sql] SELECT * FROM `lm_region` LIMIT 14000, 1000 [ RunTime:0.004372s ]
[2020-12-09T11:09:05+08:00][sql] SELECT COUNT(*) AS count FROM `lm_region` [ RunTime:0.006504s ]
[2020-12-09T11:09:05+08:00][sql] SELECT * FROM `lm_region` LIMIT 15000, 1000 [ RunTime:0.004071s ]
[2020-12-09T11:09:05+08:00][sql] SELECT COUNT(*) AS count FROM `lm_region` [ RunTime:0.009484s ]
[2020-12-09T11:09:05+08:00][sql] SELECT * FROM `lm_region` LIMIT 16000, 1000 [ RunTime:0.004234s ]
[2020-12-09T11:09:05+08:00][sql] SELECT COUNT(*) AS count FROM `lm_region` [ RunTime:0.006059s ]
[2020-12-09T11:09:05+08:00][sql] SELECT * FROM `lm_region` LIMIT 17000, 1000 [ RunTime:0.015448s ]
[2020-12-09T11:09:05+08:00][sql] SELECT COUNT(*) AS count FROM `lm_region` [ RunTime:0.006744s ]
[2020-12-09T11:09:05+08:00][sql] SELECT * FROM `lm_region` LIMIT 18000, 1000 [ RunTime:0.008403s ]
[2020-12-09T11:09:05+08:00][sql] SELECT COUNT(*) AS count FROM `lm_region` [ RunTime:0.006650s ]
[2020-12-09T11:09:05+08:00][sql] SELECT * FROM `lm_region` LIMIT 19000, 1000 [ RunTime:0.005925s ]
[2020-12-09T11:09:05+08:00][sql] SELECT COUNT(*) AS count FROM `lm_region` [ RunTime:0.007431s ]
[2020-12-09T11:09:05+08:00][sql] SELECT * FROM `lm_region` LIMIT 20000, 1000 [ RunTime:0.006437s ]
[2020-12-09T11:09:05+08:00][sql] SELECT COUNT(*) AS count FROM `lm_region` [ RunTime:0.006466s ]
[2020-12-09T11:09:05+08:00][sql] SELECT * FROM `lm_region` LIMIT 21000, 1000 [ RunTime:0.007229s ]
[2020-12-09T11:09:05+08:00][sql] SELECT COUNT(*) AS count FROM `lm_region` [ RunTime:0.006517s ]
[2020-12-09T11:09:05+08:00][sql] SELECT * FROM `lm_region` LIMIT 22000, 1000 [ RunTime:0.005301s ]
[2020-12-09T11:09:05+08:00][sql] SELECT COUNT(*) AS count FROM `lm_region` [ RunTime:0.006672s ]
[2020-12-09T11:09:05+08:00][sql] SELECT * FROM `lm_region` LIMIT 23000, 1000 [ RunTime:0.005198s ]
[2020-12-09T11:09:05+08:00][sql] SELECT COUNT(*) AS count FROM `lm_region` [ RunTime:0.007569s ]
[2020-12-09T11:09:05+08:00][sql] SELECT * FROM `lm_region` LIMIT 24000, 1000 [ RunTime:0.008472s ]
[2020-12-09T11:09:05+08:00][sql] SELECT COUNT(*) AS count FROM `lm_region` [ RunTime:0.006419s ]
[2020-12-09T11:09:05+08:00][sql] SELECT * FROM `lm_region` LIMIT 25000, 1000 [ RunTime:0.007007s ]
[2020-12-09T11:09:05+08:00][sql] SELECT COUNT(*) AS count FROM `lm_region` [ RunTime:0.006329s ]
[2020-12-09T11:09:05+08:00][sql] SELECT * FROM `lm_region` LIMIT 26000, 1000 [ RunTime:0.006025s ]
[2020-12-09T11:09:05+08:00][sql] SELECT COUNT(*) AS count FROM `lm_region` [ RunTime:0.006579s ]
[2020-12-09T11:09:05+08:00][sql] SELECT * FROM `lm_region` LIMIT 27000, 1000 [ RunTime:0.006390s ]
[2020-12-09T11:09:05+08:00][sql] SELECT COUNT(*) AS count FROM `lm_region` [ RunTime:0.006405s ]
[2020-12-09T11:09:05+08:00][sql] SELECT * FROM `lm_region` LIMIT 28000, 1000 [ RunTime:0.006516s ]
[2020-12-09T11:09:05+08:00][sql] SELECT COUNT(*) AS count FROM `lm_region` [ RunTime:0.006470s ]
[2020-12-09T11:09:05+08:00][sql] SELECT * FROM `lm_region` LIMIT 29000, 1000 [ RunTime:0.006867s ]
[2020-12-09T11:09:05+08:00][sql] SELECT COUNT(*) AS count FROM `lm_region` [ RunTime:0.006612s ]
[2020-12-09T11:09:05+08:00][sql] SELECT * FROM `lm_region` LIMIT 30000, 1000 [ RunTime:0.006375s ]
[2020-12-09T11:09:05+08:00][sql] SELECT COUNT(*) AS count FROM `lm_region` [ RunTime:0.006963s ]
[2020-12-09T11:09:05+08:00][sql] SELECT * FROM `lm_region` LIMIT 31000, 1000 [ RunTime:0.006779s ]
[2020-12-09T11:09:05+08:00][sql] SELECT COUNT(*) AS count FROM `lm_region` [ RunTime:0.006499s ]
[2020-12-09T11:09:05+08:00][sql] SELECT * FROM `lm_region` LIMIT 32000, 1000 [ RunTime:0.007250s ]
[2020-12-09T11:09:05+08:00][sql] SELECT COUNT(*) AS count FROM `lm_region` [ RunTime:0.006463s ]
[2020-12-09T11:09:05+08:00][sql] SELECT * FROM `lm_region` LIMIT 33000, 1000 [ RunTime:0.006998s ]
[2020-12-09T11:09:05+08:00][sql] SELECT COUNT(*) AS count FROM `lm_region` [ RunTime:0.006517s ]
[2020-12-09T11:09:05+08:00][sql] SELECT * FROM `lm_region` LIMIT 34000, 1000 [ RunTime:0.007485s ]
[2020-12-09T11:09:05+08:00][sql] SELECT COUNT(*) AS count FROM `lm_region` [ RunTime:0.008382s ]
[2020-12-09T11:09:05+08:00][sql] SELECT * FROM `lm_region` LIMIT 35000, 1000 [ RunTime:0.019847s ]
[2020-12-09T11:09:05+08:00][sql] SELECT COUNT(*) AS count FROM `lm_region` [ RunTime:0.008679s ]
[2020-12-09T11:09:05+08:00][sql] SELECT * FROM `lm_region` LIMIT 36000, 1000 [ RunTime:0.008808s ]
[2020-12-09T11:09:05+08:00][sql] SELECT COUNT(*) AS count FROM `lm_region` [ RunTime:0.006966s ]
[2020-12-09T11:09:05+08:00][sql] SELECT * FROM `lm_region` LIMIT 37000, 1000 [ RunTime:0.022663s ]
[2020-12-09T11:09:05+08:00][sql] SELECT COUNT(*) AS count FROM `lm_region` [ RunTime:0.006650s ]
[2020-12-09T11:09:05+08:00][sql] SELECT * FROM `lm_region` LIMIT 38000, 1000 [ RunTime:0.009106s ]
[2020-12-09T11:09:05+08:00][sql] SELECT COUNT(*) AS count FROM `lm_region` [ RunTime:0.007729s ]
[2020-12-09T11:09:05+08:00][sql] SELECT * FROM `lm_region` LIMIT 39000, 1000 [ RunTime:0.015667s ]
[2020-12-09T11:09:05+08:00][sql] SELECT COUNT(*) AS count FROM `lm_region` [ RunTime:0.006854s ]
[2020-12-09T11:09:05+08:00][sql] SELECT * FROM `lm_region` LIMIT 40000, 1000 [ RunTime:0.008442s ]
[2020-12-09T11:09:05+08:00][sql] SELECT COUNT(*) AS count FROM `lm_region` [ RunTime:0.006808s ]
[2020-12-09T11:09:05+08:00][sql] SELECT * FROM `lm_region` LIMIT 41000, 1000 [ RunTime:0.009208s ]
[2020-12-09T11:09:05+08:00][sql] SELECT COUNT(*) AS count FROM `lm_region` [ RunTime:0.006342s ]
[2020-12-09T11:09:05+08:00][sql] SELECT * FROM `lm_region` LIMIT 42000, 1000 [ RunTime:0.025890s ]
[2020-12-09T11:09:05+08:00][sql] SELECT COUNT(*) AS count FROM `lm_region` [ RunTime:0.006502s ]
[2020-12-09T11:09:05+08:00][sql] SELECT * FROM `lm_region` LIMIT 43000, 1000 [ RunTime:0.010846s ]
[2020-12-09T11:09:05+08:00][sql] SELECT COUNT(*) AS count FROM `lm_region` [ RunTime:0.007548s ]
[2020-12-09T11:09:05+08:00][sql] SELECT * FROM `lm_region` LIMIT 44000, 1000 [ RunTime:0.014674s ]
[2020-12-09T11:09:05+08:00][sql] SELECT COUNT(*) AS count FROM `lm_region` [ RunTime:0.006787s ]
[2020-12-09T11:09:05+08:00][sql] SELECT * FROM `lm_region` LIMIT 45000, 1000 [ RunTime:0.012004s ]
[2020-12-09T11:09:05+08:00][sql] SELECT COUNT(*) AS count FROM `lm_region` [ RunTime:0.006386s ]
[2020-12-09T11:09:05+08:00][sql] SELECT * FROM `lm_region` LIMIT 46000, 1000 [ RunTime:0.012233s ]
[2020-12-09T11:09:05+08:00][sql] SELECT COUNT(*) AS count FROM `lm_region` [ RunTime:0.006331s ]
[2020-12-09T11:09:05+08:00][sql] SELECT * FROM `lm_region` LIMIT 47000, 1000 [ RunTime:0.011474s ]
[2020-12-09T11:09:05+08:00][sql] SHOW CREATE TABLE `lm_user` [ RunTime:0.000592s ]
[2020-12-09T11:09:05+08:00][sql] SELECT COUNT(*) AS count FROM `lm_user` [ RunTime:0.000353s ]
[2020-12-09T11:09:05+08:00][sql] SELECT * FROM `lm_user` LIMIT 0, 1000 [ RunTime:0.000309s ]
[2020-12-09T11:09:05+08:00][sql] SHOW CREATE TABLE `lm_user_level` [ RunTime:0.003263s ]
[2020-12-09T11:09:05+08:00][sql] SELECT COUNT(*) AS count FROM `lm_user_level` [ RunTime:0.001831s ]
[2020-12-09T11:09:05+08:00][sql] SELECT * FROM `lm_user_level` LIMIT 0, 1000 [ RunTime:0.000342s ]
[2020-12-09T11:09:07+08:00][sql] CONNECT:[ UseTime:0.000640s ] mysql:host=192.168.131.159;port=3306;dbname=lemocms;charset=utf8mb4
[2020-12-09T11:09:07+08:00][sql] SHOW FULL COLUMNS FROM `lm_auth_rule` [ RunTime:0.001015s ]
[2020-12-09T11:09:07+08:00][sql] SELECT `href`,`href` FROM `lm_auth_rule` [ RunTime:0.000208s ]
[2020-12-09T11:09:07+08:00][sql] SHOW TABLE STATUS [ RunTime:0.012429s ]
[2020-12-09T11:09:09+08:00][sql] CONNECT:[ UseTime:0.000451s ] mysql:host=192.168.131.159;port=3306;dbname=lemocms;charset=utf8mb4
[2020-12-09T11:09:09+08:00][sql] SHOW FULL COLUMNS FROM `lm_auth_rule` [ RunTime:0.000917s ]
[2020-12-09T11:09:09+08:00][sql] SELECT `href`,`href` FROM `lm_auth_rule` [ RunTime:0.000392s ]
[2020-12-09T11:09:09+08:00][sql] SELECT * FROM `lm_auth_rule` WHERE  `href` = 'admin/sys.database/repair' LIMIT 1 [ RunTime:0.000591s ]
[2020-12-09T11:09:09+08:00][sql] SHOW FULL COLUMNS FROM `lm_admin_log` [ RunTime:0.000545s ]
[2020-12-09T11:09:09+08:00][sql] INSERT INTO `lm_admin_log` SET `log_title` = '数据修复' , `log_content` = '{\"tables\":[\"lm_addon\"]}' , `log_url` = '/admin/sys.database/repair.html' , `admin_id` = 1 , `username` = 'admin' , `log_agent` = 'Mozilla/5.0 (Macintosh; Intel Mac OS X 10_15_6) AppleWebKit/537.36 (KHTML, like Gecko) Chrome/87.0.4280.88 Safari/537.36' , `log_ip` = '192.168.131.1' , `create_time` = 1607483349 , `update_time` = 1607483349 [ RunTime:0.000225s ]
[2020-12-09T11:09:09+08:00][sql] REPAIR TABLE `lm_addon` [ RunTime:0.018195s ]
[2020-12-09T11:09:11+08:00][sql] CONNECT:[ UseTime:0.010239s ] mysql:host=192.168.131.159;port=3306;dbname=lemocms;charset=utf8mb4
[2020-12-09T11:09:11+08:00][sql] SHOW FULL COLUMNS FROM `lm_auth_rule` [ RunTime:0.004194s ]
[2020-12-09T11:09:11+08:00][sql] SELECT `href`,`href` FROM `lm_auth_rule` [ RunTime:0.000324s ]
[2020-12-09T11:09:11+08:00][sql] SHOW TABLE STATUS [ RunTime:0.005365s ]
[2020-12-09T11:09:13+08:00][sql] CONNECT:[ UseTime:0.000958s ] mysql:host=192.168.131.159;port=3306;dbname=lemocms;charset=utf8mb4
[2020-12-09T11:09:13+08:00][sql] SHOW FULL COLUMNS FROM `lm_auth_rule` [ RunTime:0.003119s ]
[2020-12-09T11:09:13+08:00][sql] SELECT `href`,`href` FROM `lm_auth_rule` [ RunTime:0.001283s ]
[2020-12-09T11:09:13+08:00][sql] SELECT * FROM `lm_auth_rule` WHERE  `href` = 'admin/sys.database/optimize' LIMIT 1 [ RunTime:0.002346s ]
[2020-12-09T11:09:13+08:00][sql] SHOW FULL COLUMNS FROM `lm_admin_log` [ RunTime:0.001366s ]
[2020-12-09T11:09:13+08:00][sql] INSERT INTO `lm_admin_log` SET `log_title` = '数据优化' , `log_content` = '{\"tables\":[\"lm_addon\"]}' , `log_url` = '/admin/sys.database/optimize.html' , `admin_id` = 1 , `username` = 'admin' , `log_agent` = 'Mozilla/5.0 (Macintosh; Intel Mac OS X 10_15_6) AppleWebKit/537.36 (KHTML, like Gecko) Chrome/87.0.4280.88 Safari/537.36' , `log_ip` = '192.168.131.1' , `create_time` = 1607483353 , `update_time` = 1607483353 [ RunTime:0.000293s ]
[2020-12-09T11:09:13+08:00][sql] OPTIMIZE TABLE `lm_addon` [ RunTime:0.124102s ]
[2020-12-09T11:09:15+08:00][sql] CONNECT:[ UseTime:0.000617s ] mysql:host=192.168.131.159;port=3306;dbname=lemocms;charset=utf8mb4
[2020-12-09T11:09:15+08:00][sql] SHOW FULL COLUMNS FROM `lm_auth_rule` [ RunTime:0.002569s ]
[2020-12-09T11:09:15+08:00][sql] SELECT `href`,`href` FROM `lm_auth_rule` [ RunTime:0.000345s ]
[2020-12-09T11:09:15+08:00][sql] SHOW TABLE STATUS [ RunTime:0.007046s ]
[2020-12-09T11:09:17+08:00][sql] CONNECT:[ UseTime:0.000761s ] mysql:host=192.168.131.159;port=3306;dbname=lemocms;charset=utf8mb4
[2020-12-09T11:09:17+08:00][sql] SHOW FULL COLUMNS FROM `lm_auth_rule` [ RunTime:0.000913s ]
[2020-12-09T11:09:17+08:00][sql] SELECT `href`,`href` FROM `lm_auth_rule` [ RunTime:0.000273s ]
[2020-12-09T11:09:17+08:00][sql] SELECT * FROM `lm_auth_rule` WHERE  `href` = 'admin/sys.database/restore' LIMIT 1 [ RunTime:0.000579s ]
[2020-12-09T11:09:17+08:00][sql] SHOW FULL COLUMNS FROM `lm_admin_log` [ RunTime:0.000444s ]
[2020-12-09T11:09:17+08:00][sql] INSERT INTO `lm_admin_log` SET `log_title` = '备份列表' , `log_content` = '点击菜单' , `log_url` = '/admin/sys.database/restore.html' , `admin_id` = 1 , `username` = 'admin' , `log_agent` = 'Mozilla/5.0 (Macintosh; Intel Mac OS X 10_15_6) AppleWebKit/537.36 (KHTML, like Gecko) Chrome/87.0.4280.88 Safari/537.36' , `log_ip` = '192.168.131.1' , `create_time` = 1607483357 , `update_time` = 1607483357 [ RunTime:0.000236s ]
[2020-12-09T11:09:17+08:00][sql] CONNECT:[ UseTime:0.000733s ] mysql:host=192.168.131.159;port=3306;dbname=lemocms;charset=utf8mb4
[2020-12-09T11:09:17+08:00][sql] SHOW FULL COLUMNS FROM `lm_auth_rule` [ RunTime:0.000927s ]
[2020-12-09T11:09:17+08:00][sql] SELECT `href`,`href` FROM `lm_auth_rule` [ RunTime:0.000255s ]
[2020-12-09T11:13:05+08:00][sql] CONNECT:[ UseTime:0.003203s ] mysql:host=192.168.131.159;port=3306;dbname=lemocms;charset=utf8mb4
[2020-12-09T11:13:05+08:00][sql] SHOW FULL COLUMNS FROM `lm_auth_rule` [ RunTime:0.003012s ]
[2020-12-09T11:13:05+08:00][sql] SELECT `href`,`href` FROM `lm_auth_rule` [ RunTime:0.000620s ]
[2020-12-09T11:13:05+08:00][sql] CONNECT:[ UseTime:0.000608s ] mysql:host=192.168.131.159;port=3306;dbname=lemocms;charset=utf8mb4
[2020-12-09T11:13:05+08:00][sql] SHOW FULL COLUMNS FROM `lm_auth_rule` [ RunTime:0.003820s ]
[2020-12-09T11:13:05+08:00][sql] SELECT `href`,`href` FROM `lm_auth_rule` [ RunTime:0.000525s ]
[2020-12-09T11:13:05+08:00][sql] SELECT * FROM `lm_auth_rule` WHERE  `menu_status` = 1 ORDER BY `sort` ASC [ RunTime:0.000672s ]
[2020-12-09T11:13:05+08:00][sql] SELECT `id` FROM `lm_auth_rule` WHERE  `auth_open` = 1 [ RunTime:0.000490s ]
[2020-12-09T11:13:05+08:00][sql] SELECT `id` FROM `lm_auth_rule` WHERE  `auth_open` = 1 [ RunTime:0.000307s ]
[2020-12-09T11:13:05+08:00][sql] SELECT `id` FROM `lm_auth_rule` WHERE  `auth_open` = 1 [ RunTime:0.000228s ]
[2020-12-09T11:13:05+08:00][sql] SELECT `id` FROM `lm_auth_rule` WHERE  `auth_open` = 1 [ RunTime:0.000247s ]
[2020-12-09T11:13:05+08:00][sql] SELECT `id` FROM `lm_auth_rule` WHERE  `auth_open` = 1 [ RunTime:0.000350s ]
[2020-12-09T11:13:05+08:00][sql] SELECT `id` FROM `lm_auth_rule` WHERE  `auth_open` = 1 [ RunTime:0.000187s ]
[2020-12-09T11:13:05+08:00][sql] SELECT `id` FROM `lm_auth_rule` WHERE  `auth_open` = 1 [ RunTime:0.000185s ]
[2020-12-09T11:13:05+08:00][sql] SELECT `id` FROM `lm_auth_rule` WHERE  `auth_open` = 1 [ RunTime:0.000167s ]
[2020-12-09T11:13:05+08:00][sql] SELECT `id` FROM `lm_auth_rule` WHERE  `auth_open` = 1 [ RunTime:0.000264s ]
[2020-12-09T11:13:05+08:00][sql] SELECT `id` FROM `lm_auth_rule` WHERE  `auth_open` = 1 [ RunTime:0.001645s ]
[2020-12-09T11:13:05+08:00][sql] SELECT `id` FROM `lm_auth_rule` WHERE  `auth_open` = 1 [ RunTime:0.000234s ]
[2020-12-09T11:13:05+08:00][sql] SELECT `id` FROM `lm_auth_rule` WHERE  `auth_open` = 1 [ RunTime:0.001757s ]
[2020-12-09T11:13:05+08:00][sql] SELECT `id` FROM `lm_auth_rule` WHERE  `auth_open` = 1 [ RunTime:0.000524s ]
[2020-12-09T11:13:05+08:00][sql] SELECT `id` FROM `lm_auth_rule` WHERE  `auth_open` = 1 [ RunTime:0.000283s ]
[2020-12-09T11:13:05+08:00][sql] SELECT `id` FROM `lm_auth_rule` WHERE  `auth_open` = 1 [ RunTime:0.000197s ]
[2020-12-09T11:13:05+08:00][sql] SELECT `id` FROM `lm_auth_rule` WHERE  `auth_open` = 1 [ RunTime:0.000359s ]
[2020-12-09T11:13:05+08:00][sql] SELECT `id` FROM `lm_auth_rule` WHERE  `auth_open` = 1 [ RunTime:0.000259s ]
[2020-12-09T11:13:05+08:00][sql] SELECT `id` FROM `lm_auth_rule` WHERE  `auth_open` = 1 [ RunTime:0.000306s ]
[2020-12-09T11:13:05+08:00][sql] SELECT `id` FROM `lm_auth_rule` WHERE  `auth_open` = 1 [ RunTime:0.000175s ]
[2020-12-09T11:13:05+08:00][sql] SELECT `id` FROM `lm_auth_rule` WHERE  `auth_open` = 1 [ RunTime:0.000239s ]
[2020-12-09T11:13:06+08:00][sql] CONNECT:[ UseTime:0.000549s ] mysql:host=192.168.131.159;port=3306;dbname=lemocms;charset=utf8mb4
[2020-12-09T11:13:06+08:00][sql] SHOW FULL COLUMNS FROM `lm_auth_rule` [ RunTime:0.001098s ]
[2020-12-09T11:13:06+08:00][sql] SELECT `href`,`href` FROM `lm_auth_rule` [ RunTime:0.000282s ]
[2020-12-09T11:13:06+08:00][sql] CONNECT:[ UseTime:0.000556s ] mysql:host=192.168.131.159;port=3306;dbname=lemocms;charset=utf8mb4
[2020-12-09T11:13:06+08:00][sql] SHOW FULL COLUMNS FROM `lm_auth_rule` [ RunTime:0.002683s ]
[2020-12-09T11:13:06+08:00][sql] SELECT `href`,`href` FROM `lm_auth_rule` [ RunTime:0.000332s ]
[2020-12-09T11:13:08+08:00][sql] CONNECT:[ UseTime:0.004019s ] mysql:host=192.168.131.159;port=3306;dbname=lemocms;charset=utf8mb4
[2020-12-09T11:13:08+08:00][sql] SHOW FULL COLUMNS FROM `lm_auth_rule` [ RunTime:0.001967s ]
[2020-12-09T11:13:08+08:00][sql] SELECT `href`,`href` FROM `lm_auth_rule` [ RunTime:0.000260s ]
[2020-12-09T11:13:08+08:00][sql] CONNECT:[ UseTime:0.001267s ] mysql:host=192.168.131.159;port=3306;dbname=lemocms;charset=utf8mb4
[2020-12-09T11:13:08+08:00][sql] SHOW FULL COLUMNS FROM `lm_auth_rule` [ RunTime:0.001595s ]
[2020-12-09T11:13:08+08:00][sql] SELECT `href`,`href` FROM `lm_auth_rule` [ RunTime:0.000281s ]
[2020-12-09T11:13:08+08:00][sql] SELECT * FROM `lm_auth_rule` WHERE  `menu_status` = 1 ORDER BY `sort` ASC [ RunTime:0.000737s ]
[2020-12-09T11:13:08+08:00][sql] SELECT `id` FROM `lm_auth_rule` WHERE  `auth_open` = 1 [ RunTime:0.000673s ]
[2020-12-09T11:13:08+08:00][sql] SELECT `id` FROM `lm_auth_rule` WHERE  `auth_open` = 1 [ RunTime:0.000391s ]
[2020-12-09T11:13:08+08:00][sql] SELECT `id` FROM `lm_auth_rule` WHERE  `auth_open` = 1 [ RunTime:0.000514s ]
[2020-12-09T11:13:08+08:00][sql] SELECT `id` FROM `lm_auth_rule` WHERE  `auth_open` = 1 [ RunTime:0.000484s ]
[2020-12-09T11:13:08+08:00][sql] SELECT `id` FROM `lm_auth_rule` WHERE  `auth_open` = 1 [ RunTime:0.000415s ]
[2020-12-09T11:13:08+08:00][sql] SELECT `id` FROM `lm_auth_rule` WHERE  `auth_open` = 1 [ RunTime:0.000523s ]
[2020-12-09T11:13:08+08:00][sql] SELECT `id` FROM `lm_auth_rule` WHERE  `auth_open` = 1 [ RunTime:0.000555s ]
[2020-12-09T11:13:08+08:00][sql] SELECT `id` FROM `lm_auth_rule` WHERE  `auth_open` = 1 [ RunTime:0.000240s ]
[2020-12-09T11:13:08+08:00][sql] SELECT `id` FROM `lm_auth_rule` WHERE  `auth_open` = 1 [ RunTime:0.000194s ]
[2020-12-09T11:13:08+08:00][sql] SELECT `id` FROM `lm_auth_rule` WHERE  `auth_open` = 1 [ RunTime:0.000325s ]
[2020-12-09T11:13:08+08:00][sql] SELECT `id` FROM `lm_auth_rule` WHERE  `auth_open` = 1 [ RunTime:0.000529s ]
[2020-12-09T11:13:08+08:00][sql] SELECT `id` FROM `lm_auth_rule` WHERE  `auth_open` = 1 [ RunTime:0.000252s ]
[2020-12-09T11:13:08+08:00][sql] SELECT `id` FROM `lm_auth_rule` WHERE  `auth_open` = 1 [ RunTime:0.000213s ]
[2020-12-09T11:13:08+08:00][sql] SELECT `id` FROM `lm_auth_rule` WHERE  `auth_open` = 1 [ RunTime:0.000182s ]
[2020-12-09T11:13:08+08:00][sql] SELECT `id` FROM `lm_auth_rule` WHERE  `auth_open` = 1 [ RunTime:0.000174s ]
[2020-12-09T11:13:08+08:00][sql] SELECT `id` FROM `lm_auth_rule` WHERE  `auth_open` = 1 [ RunTime:0.000291s ]
[2020-12-09T11:13:08+08:00][sql] SELECT `id` FROM `lm_auth_rule` WHERE  `auth_open` = 1 [ RunTime:0.000267s ]
[2020-12-09T11:13:08+08:00][sql] SELECT `id` FROM `lm_auth_rule` WHERE  `auth_open` = 1 [ RunTime:0.000378s ]
[2020-12-09T11:13:08+08:00][sql] SELECT `id` FROM `lm_auth_rule` WHERE  `auth_open` = 1 [ RunTime:0.000602s ]
[2020-12-09T11:13:08+08:00][sql] SELECT `id` FROM `lm_auth_rule` WHERE  `auth_open` = 1 [ RunTime:0.000372s ]
[2020-12-09T11:13:08+08:00][sql] CONNECT:[ UseTime:0.001258s ] mysql:host=192.168.131.159;port=3306;dbname=lemocms;charset=utf8mb4
[2020-12-09T11:13:08+08:00][sql] SHOW FULL COLUMNS FROM `lm_auth_rule` [ RunTime:0.001628s ]
[2020-12-09T11:13:08+08:00][sql] SELECT `href`,`href` FROM `lm_auth_rule` [ RunTime:0.000216s ]
[2020-12-09T11:13:09+08:00][sql] CONNECT:[ UseTime:0.003226s ] mysql:host=192.168.131.159;port=3306;dbname=lemocms;charset=utf8mb4
[2020-12-09T11:13:09+08:00][sql] SHOW FULL COLUMNS FROM `lm_auth_rule` [ RunTime:0.002304s ]
[2020-12-09T11:13:09+08:00][sql] SELECT `href`,`href` FROM `lm_auth_rule` [ RunTime:0.000349s ]
[2020-12-09T11:13:12+08:00][sql] CONNECT:[ UseTime:0.000635s ] mysql:host=192.168.131.159;port=3306;dbname=lemocms;charset=utf8mb4
[2020-12-09T11:13:12+08:00][sql] SHOW FULL COLUMNS FROM `lm_auth_rule` [ RunTime:0.003125s ]
[2020-12-09T11:13:12+08:00][sql] SELECT `href`,`href` FROM `lm_auth_rule` [ RunTime:0.000263s ]
[2020-12-09T11:13:12+08:00][sql] SELECT * FROM `lm_auth_rule` WHERE  `href` = 'admin/sys.database/index' LIMIT 1 [ RunTime:0.000850s ]
[2020-12-09T11:13:12+08:00][sql] SHOW FULL COLUMNS FROM `lm_admin_log` [ RunTime:0.001283s ]
[2020-12-09T11:13:12+08:00][sql] INSERT INTO `lm_admin_log` SET `log_title` = '数据列表' , `log_content` = '点击菜单' , `log_url` = '/admin/sys.database/index.html' , `admin_id` = 1 , `username` = 'admin' , `log_agent` = 'Mozilla/5.0 (Macintosh; Intel Mac OS X 10_15_6) AppleWebKit/537.36 (KHTML, like Gecko) Chrome/87.0.4280.88 Safari/537.36' , `log_ip` = '192.168.131.1' , `create_time` = 1607483592 , `update_time` = 1607483592 [ RunTime:0.001905s ]
[2020-12-09T11:13:12+08:00][sql] CONNECT:[ UseTime:0.000669s ] mysql:host=192.168.131.159;port=3306;dbname=lemocms;charset=utf8mb4
[2020-12-09T11:13:12+08:00][sql] SHOW FULL COLUMNS FROM `lm_auth_rule` [ RunTime:0.000916s ]
[2020-12-09T11:13:12+08:00][sql] SELECT `href`,`href` FROM `lm_auth_rule` [ RunTime:0.000232s ]
[2020-12-09T11:13:12+08:00][sql] SHOW TABLE STATUS [ RunTime:0.001597s ]
[2020-12-09T11:13:16+08:00][sql] CONNECT:[ UseTime:0.002726s ] mysql:host=192.168.131.159;port=3306;dbname=lemocms;charset=utf8mb4
[2020-12-09T11:13:16+08:00][sql] SHOW FULL COLUMNS FROM `lm_auth_rule` [ RunTime:0.001377s ]
[2020-12-09T11:13:16+08:00][sql] SELECT `href`,`href` FROM `lm_auth_rule` [ RunTime:0.000340s ]
[2020-12-09T11:13:16+08:00][sql] SHOW FULL COLUMNS FROM `lm_config` [ RunTime:0.000959s ]
[2020-12-09T11:13:16+08:00][sql] SELECT `code`,`value` FROM `lm_config` WHERE  `type` IN ('site','email','upload','sms') [ RunTime:0.001152s ]
[2020-12-09T11:13:16+08:00][sql] CONNECT:[ UseTime:0.000812s ] mysql:host=192.168.131.159;port=3306;dbname=lemocms;charset=utf8mb4
[2020-12-09T11:13:16+08:00][sql] SHOW FULL COLUMNS FROM `lm_auth_rule` [ RunTime:0.002419s ]
[2020-12-09T11:13:16+08:00][sql] SELECT `href`,`href` FROM `lm_auth_rule` [ RunTime:0.000516s ]
[2020-12-09T11:13:25+08:00][sql] CONNECT:[ UseTime:0.000587s ] mysql:host=192.168.131.159;port=3306;dbname=lemocms;charset=utf8mb4
[2020-12-09T11:13:25+08:00][sql] SHOW FULL COLUMNS FROM `lm_auth_rule` [ RunTime:0.000935s ]
[2020-12-09T11:13:25+08:00][sql] SELECT `href`,`href` FROM `lm_auth_rule` [ RunTime:0.000276s ]
[2020-12-09T11:13:25+08:00][sql] CONNECT:[ UseTime:0.000987s ] mysql:host=192.168.131.159;port=3306;dbname=lemocms;charset=utf8mb4
[2020-12-09T11:13:25+08:00][sql] SHOW FULL COLUMNS FROM `lm_auth_rule` [ RunTime:0.001718s ]
[2020-12-09T11:13:25+08:00][sql] SELECT `href`,`href` FROM `lm_auth_rule` [ RunTime:0.000222s ]
[2020-12-09T11:13:25+08:00][sql] SHOW FULL COLUMNS FROM `lm_admin_log` [ RunTime:0.002717s ]
[2020-12-09T11:13:25+08:00][sql] SELECT COUNT(*) AS think_count FROM `lm_admin_log` WHERE  `status` = 1  AND ( `username` LIKE '%%' OR `log_title` LIKE '%%' ) [ RunTime:0.001509s ]
[2020-12-09T11:13:25+08:00][sql] SELECT * FROM `lm_admin_log` WHERE  `status` = 1  AND ( `username` LIKE '%%' OR `log_title` LIKE '%%' ) ORDER BY `id` DESC LIMIT 0,15 [ RunTime:0.002464s ]
